Determining if the pthread_create exist failed with the following output:
Change Dir: /home/prashanth/groovy_workspace/sandbox/bandit_test/build/CMakeFiles/CMakeTmp

Run Build Command:/usr/bin/make "cmTryCompileExec1595392651/fast"
make[1]: Entering directory `/home/prashanth/groovy_workspace/sandbox/bandit_test/build/CMakeFiles/CMakeTmp'
/usr/bin/make -f CMakeFiles/cmTryCompileExec1595392651.dir/build.make CMakeFiles/cmTryCompileExec1595392651.dir/build
make[2]: Entering directory `/home/prashanth/groovy_workspace/sandbox/bandit_test/build/CMakeFiles/CMakeTmp'
/usr/bin/cmake -E cmake_progress_report /home/prashanth/groovy_workspace/sandbox/bandit_test/build/CMakeFiles/CMakeTmp/CMakeFiles 1
Building C object CMakeFiles/cmTryCompileExec1595392651.dir/CheckSymbolExists.c.o
/usr/bin/gcc    -o CMakeFiles/cmTryCompileExec1595392651.dir/CheckSymbolExists.c.o   -c /home/prashanth/groovy_workspace/sandbox/bandit_test/build/CMakeFiles/CMakeTmp/CheckSymbolExists.c
Linking C executable cmTryCompileExec1595392651
/usr/bin/cmake -E cmake_link_script CMakeFiles/cmTryCompileExec1595392651.dir/link.txt --verbose=1
/usr/bin/gcc         CMakeFiles/cmTryCompileExec1595392651.dir/CheckSymbolExists.c.o  -o cmTryCompileExec1595392651 -rdynamic 
CMakeFiles/cmTryCompileExec1595392651.dir/CheckSymbolExists.c.o: In function `main':
CheckSymbolExists.c:(.text+0x16): undefined reference to `pthread_create'
collect2: error: ld returned 1 exit status
make[2]: Leaving directory `/home/prashanth/groovy_workspace/sandbox/bandit_test/build/CMakeFiles/CMakeTmp'
make[2]: *** [cmTryCompileExec1595392651] Error 1
make[1]: Leaving directory `/home/prashanth/groovy_workspace/sandbox/bandit_test/build/CMakeFiles/CMakeTmp'
make[1]: *** [cmTryCompileExec1595392651/fast] Error 2

File /home/prashanth/groovy_workspace/sandbox/bandit_test/build/CMakeFiles/CMakeTmp/CheckSymbolExists.c:
/* */
#include <pthread.h>

int main(int argc, char** argv)
{
  (void)argv;
#ifndef pthread_create
  return ((int*)(&pthread_create))[argc];
#else
  (void)argc;
  return 0;
#endif
}

Determining if the function pthread_create exists in the pthreads failed with the following output:
Change Dir: /home/prashanth/groovy_workspace/sandbox/bandit_test/build/CMakeFiles/CMakeTmp

Run Build Command:/usr/bin/make "cmTryCompileExec2028006255/fast"
make[1]: Entering directory `/home/prashanth/groovy_workspace/sandbox/bandit_test/build/CMakeFiles/CMakeTmp'
/usr/bin/make -f CMakeFiles/cmTryCompileExec2028006255.dir/build.make CMakeFiles/cmTryCompileExec2028006255.dir/build
make[2]: Entering directory `/home/prashanth/groovy_workspace/sandbox/bandit_test/build/CMakeFiles/CMakeTmp'
/usr/bin/cmake -E cmake_progress_report /home/prashanth/groovy_workspace/sandbox/bandit_test/build/CMakeFiles/CMakeTmp/CMakeFiles 1
Building C object CMakeFiles/cmTryCompileExec2028006255.dir/CheckFunctionExists.c.o
/usr/bin/gcc   -DCHECK_FUNCTION_EXISTS=pthread_create   -o CMakeFiles/cmTryCompileExec2028006255.dir/CheckFunctionExists.c.o   -c /usr/share/cmake-2.8/Modules/CheckFunctionExists.c
Linking C executable cmTryCompileExec2028006255
/usr/bin/cmake -E cmake_link_script CMakeFiles/cmTryCompileExec2028006255.dir/link.txt --verbose=1
/usr/bin/gcc     -DCHECK_FUNCTION_EXISTS=pthread_create    CMakeFiles/cmTryCompileExec2028006255.dir/CheckFunctionExists.c.o  -o cmTryCompileExec2028006255 -rdynamic -lpthreads 
/usr/bin/ld: cannot find -lpthreads
collect2: error: ld returned 1 exit status
make[2]: Leaving directory `/home/prashanth/groovy_workspace/sandbox/bandit_test/build/CMakeFiles/CMakeTmp'
make[2]: *** [cmTryCompileExec2028006255] Error 1
make[1]: Leaving directory `/home/prashanth/groovy_workspace/sandbox/bandit_test/build/CMakeFiles/CMakeTmp'
make[1]: *** [cmTryCompileExec2028006255/fast] Error 2


